<?xml version="1.0" encoding="UTF-8"?>
<testng-results skipped="0" failed="0" ignored="0" total="1" passed="1">
  <reporter-output>
  </reporter-output>
  <suite name="SFDC_TestV1" duration-ms="43116" started-at="2022-03-30T11:33:04 IST" finished-at="2022-03-30T11:33:47 IST">
    <groups>
    </groups>
    <test name="SFDCLogin Test" duration-ms="43116" started-at="2022-03-30T11:33:04 IST" finished-at="2022-03-30T11:33:47 IST">
      <class name="com.SFDC_Bajaj.testCases.TC_LoginTest_001">
        <test-method status="PASS" signature="setup()[pri:0, instance:com.SFDC_Bajaj.testCases.TC_LoginTest_001@76b0bfab]" name="setup" is-config="true" duration-ms="15383" started-at="2022-03-30T11:33:04 IST" finished-at="2022-03-30T11:33:20 IST">
          <reporter-output>
          </reporter-output>
        </test-method> <!-- setup -->
        <test-method status="PASS" signature="loginTest()[pri:0, instance:com.SFDC_Bajaj.testCases.TC_LoginTest_001@76b0bfab]" name="loginTest" duration-ms="26525" started-at="2022-03-30T11:33:20 IST" finished-at="2022-03-30T11:33:46 IST">
          <reporter-output>
          </reporter-output>
        </test-method> <!-- loginTest -->
        <test-method status="PASS" signature="tearDown()[pri:0, instance:com.SFDC_Bajaj.testCases.TC_LoginTest_001@76b0bfab]" name="tearDown" is-config="true" duration-ms="817" started-at="2022-03-30T11:33:46 IST" finished-at="2022-03-30T11:33:47 IST">
          <reporter-output>
          </reporter-output>
        </test-method> <!-- tearDown -->
      </class> <!-- com.SFDC_Bajaj.testCases.TC_LoginTest_001 -->
    </test> <!-- SFDCLogin Test -->
  </suite> <!-- SFDC_TestV1 -->
</testng-results>
