<?xml version="1.0" encoding="UTF-8"?>
<!-- Generated by org.testng.reporters.JUnitXMLReporter -->
<testsuite hostname="DESKTOP-9FSOJAE" ignored="0" name="SFDCLogin Test" tests="1" failures="1" timestamp="2022-03-30T09:40:51 IST" time="124.31" errors="0">
  <testcase name="loginTest" time="80.44" classname="com.SFDC_Bajaj.testCases.TC_LoginTest_001">
    <failure type="java.lang.AssertionError">
      <![CDATA[java.lang.AssertionError
at org.junit.Assert.fail(Assert.java:86)
at org.junit.Assert.assertTrue(Assert.java:41)
at org.junit.Assert.assertTrue(Assert.java:52)
at com.SFDC_Bajaj.testCases.TC_LoginTest_001.loginTest(TC_LoginTest_001.java:37)
at java.util.ArrayList.forEach(Unknown Source)
... Removed 27 stack frames]]>
    </failure>
  </testcase> <!-- loginTest -->
</testsuite> <!-- SFDCLogin Test -->
